<?xml version="1.0" encoding="UTF-8"?>
<testsuite xmlns:xsi="http://www.w3.org/2001/XMLSchema-instance" xsi:noNamespaceSchemaLocation="https://maven.apache.org/surefire/maven-surefire-plugin/xsd/surefire-test-report-3.0.xsd" version="3.0" name="com.thinkWhy.runners.TestRunner" time="8,468.249" tests="172" errors="5" skipped="0" failures="1">
  <properties>
[...]
</properties>
  <testcase name="Display of pie charts on dashboard preview" classname="Display of pie charts on dashboard preview" time="69.491"/>
  <testcase name="Display of benchmarking tiles on the preview" classname="Display of benchmarking tiles on the preview" time="62.567"/>
  <testcase name="Display of employee benchmark graph options on the preview" classname="Display of employee benchmark graph options on the preview" time="65.893"/>
  <testcase name="Displaying job title Graph options  on the preview" classname="Displaying job title Graph options  on the preview" time="77.725"/>
  <testcase name="Display of team salary benchmark graph options on the preview" classname="Display of team salary benchmark graph options on the preview" time="64.71"/>
  <testcase name="Editing benchmarking preview" classname="Editing benchmarking preview" time="108.535"/>
  <testcase name="Hiding sensitive data on the preview" classname="Hiding sensitive data on the preview" time="67.739"/>
  <testcase name="Validating benchmarking view info boxes on the preview" classname="Validating benchmarking view info boxes on the preview" time="60.589"/>
  <testcase name="Adding a benchmarking view to an existing dashboard" classname="Adding a benchmarking view to an existing dashboard" time="86.019"/>
  <testcase name="Adding multiple team members to a job after creating benchmarking view" classname="Adding multiple team members to a job after creating benchmarking view" time="130.549"/>
  <testcase name="Adding multiple team members to a job before creating benchmarking view" classname="Adding multiple team members to a job before creating benchmarking view" time="113.506"/>
  <testcase name="Adding a new tile to a GLS benchmarking view" classname="Adding a new tile to a GLS benchmarking view" time="95.85"/>
  <testcase name="Benchmarking jobs against their markets" classname="Benchmarking jobs against their markets" time="79.607"/>
  <testcase name="Creating a new dashboard with Team Benchmarking by button" classname="Creating a new dashboard with Team Benchmarking by button" time="78.483"/>
  <testcase name="Creating a new dashboard with Team Benchmarking by link" classname="Creating a new dashboard with Team Benchmarking by link" time="80.868"/>
  <testcase name="Adding a job by using job configurator function" classname="Adding a job by using job configurator function" time="102.328"/>
  <testcase name="Adding a team member by using team configurator function" classname="Adding a team member by using team configurator function" time="107.444"/>
  <testcase name="Display of GLS benchmarking pie charts on the header section" classname="Display of GLS benchmarking pie charts on the header section" time="81.968"/>
  <testcase name="Display of GLS benchmarking tiles" classname="Display of GLS benchmarking tiles" time="81.141"/>
  <testcase name="Displaying the total and market cost of the team" classname="Displaying the total and market cost of the view" time="84.448"/>
  <testcase name="Editing and deleting jobs on insight view" classname="Editing and deleting jobs on insight view" time="119.637"/>
  <testcase name="Editing and deleting teams on team configurator" classname="Editing and deleting teams on team configurator" time="135.104"/>
  <testcase name="Displaying employee benchmark graph options" classname="Displaying employee benchmark graph options" time="84.951"/>
  <testcase name="Hide sensitive data on a benchmarking view" classname="Hide sensitive data on a benchmarking view" time="87.975"/>
  <testcase name="Displaying job title benchmark graph options" classname="Displaying job title benchmark graph options" time="98.196"/>
  <testcase name="Displaying team salary benchmark graph options" classname="Displaying team salary benchmark graph options" time="85.937"/>
  <testcase name="Validating the content of a cloned benchmarking view" classname="Validating the content of a cloned benchmarking view" time="98.778"/>
  <testcase name="Displaying diversity tile library" classname="Displaying diversity tile library" time="67.767"/>
  <testcase name="Displaying industry tile library" classname="Displaying industry tile library" time="68.795"/>
  <testcase name="Displaying labor market tile library" classname="Displaying labor market tile library" time="66.313"/>
  <testcase name="Displaying occupation tile library" classname="Displaying occupation tile library" time="66.193"/>
  <testcase name="Displaying university tile library" classname="Displaying university tile library" time="66.055"/>
  <testcase name="Adding hard skills to salary answers on the preview" classname="Adding hard skills to salary answers on the preview" time="62.813"/>
  <testcase name="Adding soft skills to salary answers on the preview" classname="Adding soft skills to salary answers" time="64.967"/>
  <testcase name="Verifying company details reset filters on preview" classname="Verifying company details reset filters on preview" time="72.326"/>
  <testcase name="Verifying company details updates on preview" classname="Verifying company details updates on preview" time="66.678"/>
  <testcase name="Verifying company details updates on tiles of a salary answers preview" classname="Verifying company details updates on tiles of a salary answers preview" time="74.907"/>
  <testcase name="Creating salary answers preview" classname="Creating salary answers preview" time="65.813">
    <error message="Expected condition failed: waiting for visibility of Proxy element for: DefaultElementLocator &apos;By.xpath: (//*[@class=&apos;truncated-text&apos;])[1]&apos; (tried for 20 second(s) with 500 milliseconds interval)" type="org.openqa.selenium.TimeoutException">org.openqa.selenium.TimeoutException: Expected condition failed: waiting for visibility of Proxy element for: DefaultElementLocator 'By.xpath: (//*[@class='truncated-text'])[1]' (tried for 20 second(s) with 500 milliseconds interval)
Caused by: org.openqa.selenium.NoSuchElementException: 
no such element: Unable to locate element: {"method":"xpath","selector":"(//*[@class='truncated-text'])[1]"}
  (Session info: headless chrome=90.0.4430.85)
For documentation on this error, please visit: http://seleniumhq.org/exceptions/no_such_element.html
Build info: version: '3.141.5', revision: 'd54ebd709a', time: '2018-11-06T11:42:16'
System info: host: 'LT-0008', ip: '10.10.1.112', os.name: 'Windows 10', os.arch: 'amd64', os.version: '10.0', java.version: '1.8.0_221'
Driver info: org.openqa.selenium.chrome.ChromeDriver
Capabilities {acceptInsecureCerts: false, browserName: chrome, browserVersion: 90.0.4430.85, chrome: {chromedriverVersion: 90.0.4430.24 (4c6d850f087da..., userDataDir: C:\Users\MustafaOzkan\AppDa...}, goog:chromeOptions: {debuggerAddress: localhost:57448}, javascriptEnabled: true, networkConnectionEnabled: false, pageLoadStrategy: normal, platform: WINDOWS, platformName: WINDOWS, proxy: Proxy(), setWindowRect: true, strictFileInteractability: false, timeouts: {implicit: 0, pageLoad: 300000, script: 30000}, unhandledPromptBehavior: dismiss and notify, webauthn:extension:largeBlob: true, webauthn:virtualAuthenticators: true}
Session ID: d078097a39ea535ecaa7c87a1db86043
*** Element info: {Using=xpath, value=(//*[@class='truncated-text'])[1]}
</error>
    <system-out><![CDATA[Starting test : Creating salary answers preview
Headless mode:  true
This is the title :LaborIQ
Ending test:Creating salary answers preview
]]></system-out>
    <system-err><![CDATA[Starting ChromeDriver 90.0.4430.24 (4c6d850f087da467d926e8eddb76550aed655991-refs/branch-heads/4430@{#429}) on port 23269
Only local connections are allowed.
Please see https://chromedriver.chromium.org/security-considerations for suggestions on keeping ChromeDriver safe.
ChromeDriver was started successfully.
Apr 26, 2021 1:15:39 PM org.openqa.selenium.remote.ProtocolHandshake createSession
INFO: Detected dialect: W3C
]]></system-err>
  </testcase>
  <testcase name="Job salary comparison with other metros on salary answers preview" classname="Job salary comparison with other metros on salary answers preview" time="59.442"/>
  <testcase name="Salary answers compare salary on preview" classname="Salary answers compare salary on preview" time="49.189"/>
  <testcase name="Saving salary preview to a new created dashboard" classname="Saving salary preview to a new created dashboard" time="77.181"/>
  <testcase name="Adding a new tile to a GLS insight" classname="Adding a new tile to a GLS insight" time="82.624"/>
  <testcase name="Adding a salary answers view to an existing dashboard" classname="Displaying job title Graph options  on the preview" time="59.543"/>
  <testcase name="Adding hard skills to dashboard insight" classname="Adding hard skills to dashboard insight" time="76.468"/>
  <testcase name="Adding soft skills to dashboard insight" classname="Adding soft skills to dashboard insight" time="75.916"/>
  <testcase name="Resetting company details filters on saved salary answers views" classname="Resetting company details filters on saved salary answers views" time="85.955"/>
  <testcase name="Verifiying company details updates on salary answers tiles" classname="Verifiying company details updates on salary answers tiles" time="88.457"/>
  <testcase name="Verifiying company details updates on a saved view" classname="Verifiying company details updates on a saved view" time="79.596"/>
  <testcase name="Comparing job salaries by GLS Insights" classname="Comparing job salaries by GLS Insights" time="69.353"/>
  <testcase name="Creating a new salary answers view by salary answers by button" classname="Creating a new salary answers view by salary answers by button" time="66.853"/>
  <testcase name="Creating a new salary answers view by salary answers by link" classname="Creating a new salary answers view by salary answers by link" time="66.107"/>
  <testcase name="Displaying Salary answers tiles" classname="Displaying Salary answers tiles" time="69.88"/>
  <testcase name="Displaying graphics of a new created insight" classname="Displaying graphics of a new created insight" time="70.974"/>
  <testcase name="Job salary comparison with other metros" classname="Job salary comparison with other metros" time="81.996"/>
  <testcase name="Updating GLS Insights Dropdown Options" classname="Updating GLS Insights Dropdown Options" time="77.751"/>
  <testcase name="Validating current market salary of a dashboard insight" classname="Validating current market salary of a dashboard insight" time="70.126"/>
  <testcase name="Validating the display of current market salary and salary forecast" classname="Validating the display of current market salary and salary forecast" time="64.969"/>
  <testcase name="Verifying the content of a cloned insight view to the same dashboard" classname="Verifying the content of a cloned insight view to the same dashboard" time="94.553"/>
  <testcase name="Adding a market analysis view to an existing dashboard" classname="Adding a market analysis view to an existing dashboard" time="43.424"/>
  <testcase name="Adding a new tile to an existing BYO view" classname="Adding a new tile to an existing BYO view" time="84.102"/>
  <testcase name="Adding a new tile to a dashboard" classname="Adding a new tile to a dashboard" time="84.686"/>
  <testcase name="Adding content to a new created dashboard" classname="Adding content to a new created dashboard" time="83.217"/>
  <testcase name="Cloning a dashboard" classname="Cloning a dashboard" time="29.964"/>
  <testcase name="Comparing tiles with national benchmarking" classname="Comparing tiles with national benchmarking" time="23.832"/>
  <testcase name="Display of dasboard details when clicked on the dashboard" classname="Display of dasboard details when clicked on the dashboard" time="13.778"/>
  <testcase name="Deleting a dashboard" classname="Deleting a dashboard" time="27.455"/>
  <testcase name="Editing a dashboard" classname="Editing a dashboard" time="27.44"/>
  <testcase name="Editing/deleting dashboard views and  cloning/deleting dashbaords" classname="Editing/deleting dashboard views and  cloning/deleting dashbaords" time="96.754"/>
  <testcase name="Editing tile dropdown options" classname="Editing tile dropdown options" time="91.729"/>
  <testcase name="Validating the content of  a copied dashboard view" classname="Validating the content of  a copied dashboard view" time="92.635"/>
  <testcase name="Verifying the content of a cloned view to the same dashboard" classname="Verifying the content of a cloned view to the same dashboard" time="127.561"/>
  <testcase name="City to metro lookup" classname="City to metro lookup" time="16.946"/>
  <testcase name="Display of FAQ" classname="Display of FAQ" time="15.766"/>
  <testcase name="Display of Glossary Terms" classname="Display of Glossary Terms" time="16.906"/>
  <testcase name="Display of training videos" classname="Display of training videos" time="12.843"/>
  <testcase name="Reporting a bug function" classname="Reporting a bug function" time="15.759"/>
  <testcase name="Using sharing an idea function on help menu" classname="Using sharing an idea function on help menu" time="15.221"/>
  <testcase name="Using get help menu" classname="Using get help menu" time="17.828"/>
  <testcase name="Home page search function" classname="Home page search function" time="9.389"/>
  <testcase name="Activation of download button when clicked on market analysis tabs forecasted metros" classname="Activation of download button when clicked on market analysis tabs forecasted metros" time="56.793"/>
  <testcase name="Activation of download button when clicked on market analysis tabs for non forecasted metros" classname="Activation of download button when clicked on market analysis tabs for non forecasted metros" time="63.249"/>
  <testcase name="Changing metro area year dropdown options" classname="Changing metro area year dropdown options" time="34.07"/>
  <testcase name="Changing metro rankings table display options" classname="Changing metro rankings table display options" time="32.437"/>
  <testcase name="Changing metro rankings dropdown options" classname="Changing metro rankings dropdown options" time="30.11"/>
  <testcase name="Display of Covid Tab Content For Forecasted Metro" classname="Display of Covid19 Tab Content For Forecasted Metro" time="24.592"/>
  <testcase name="Display of covid tab content for forecasted metro on a saved market analysis view" classname="Display of covid tab content for forecasted metro on a saved market analysis view" time="45.396"/>
  <testcase name="Display of metro comparison on employment by industry tile" classname="Display of metro comparison on employment by industry tile" time="39.058"/>
  <testcase name="Display of metro comparison on employment by industry tile on a saved market analysis view" classname="Display of metro comparison on employment by industry tile on a saved market analysis view" time="59.549"/>
  <testcase name="Display of industry comparison on job growth by industry tile" classname="Display of industry comparison on job growth by industry tile" time="39.347"/>
  <testcase name="Display of industry comparison on job growth by industry tile on a saved market analysis view" classname="Display of industry comparison on job growth by industry tile on a saved market analysis view" time="61.268"/>
  <testcase name="Creating market analysis link by clicking on hame page button" classname="Creating market analysis link by clicking on hame page button" time="39.385"/>
  <testcase name="Validating the number metro diversity charts that are displayed" classname="Validating the number metro diversity charts that are displayed" time="24.515"/>
  <testcase name="Validating headers of diversity graphics" classname="Validating headers of diversity graphics" time="22.951"/>
  <testcase name="Validating headers of diversity graphics on saved a market analysis view" classname="Validating headers of diversity graphics on saved a market analysis view" time="43.952"/>
  <testcase name="Display of metro area overview table" classname="Display of metro area overview table" time="23.121"/>
  <testcase name="Displaying tile graphics charts annually" classname="Displaying tile graphics charts annually" time="27.066"/>
  <testcase name="Displaying tile graphics charts monthly" classname="Displaying tile graphics charts monthly" time="29.308"/>
  <testcase name="Displaying tile graphics charts quarterly" classname="Displaying tile graphics charts quarterly" time="28.759"/>
  <testcase name="Validating the number metro industry charts that are displayed" classname="Validating the number metro industry charts that are displayed" time="22.321"/>
  <testcase name="Validating headers of metro area industry graphics" classname="Validating headers of metro area industry graphics" time="21.306"/>
  <testcase name="Validating headers of metro area industry graphics on saved a market analysis view" classname="Validating headers of metro area industry graphics on saved a market analysis view" time="45.687"/>
  <testcase name="Validating the number metro labor market charts that are displayed" classname="Validating the number metro labor market charts that are displayed" time="23.251"/>
  <testcase name="Validating headers of labor market graphics" classname="Validating headers of labor market graphics" time="24.399"/>
  <testcase name="Validating headers of labor market graphics on saved a market analysis view" classname="Validating headers of labor market graphics on saved a market analysis view" time="45.942"/>
  <testcase name="Display of MD metro overview content" classname="Display of MD metro overview content" time="20.509"/>
  <testcase name="Display of MD metro overview content for saved market analysis views" classname="Display of MD metro overview content for saved market analysis views" time="42.204"/>
  <testcase name="Metro Rankings MAP Display" classname="Metro Rankings MAP Display" time="25.272"/>
  <testcase name="Metro Rankings MAP Display for saved market analysis view" classname="Metro Rankings MAP Display for saved market analysis view" time="43.909"/>
  <testcase name="Display of the metro area ranking table" classname="Display of the metro area ranking table" time="25.331"/>
  <testcase name="Display of the metro area ranking table for saved market analysis views" classname="Display of the metro area ranking table for saved market analysis views" time="44.992"/>
  <testcase name="Display of ND metro overview content" classname="Display of ND metro overview content" time="20.691"/>
  <testcase name="Display of ND metro overview content for saved market analysis view" classname="Display of ND metro overview content for saved market analysis view" time="40.905"/>
  <testcase name="Display of national metro overview content" classname="Display of national metro overview content" time="21.572"/>
  <testcase name="Display of national metro overview content for saved market analysis views" classname="Display of national metro overview content for saved market analysis views" time="43.22"/>
  <testcase name="Validating the number metro occupation charts that are displayed" classname="Validating the number metro occupation charts that are displayed" time="25.511"/>
  <testcase name="Validating headers of occupation graphics" classname="Validating headers of occupation graphics" time="23.919"/>
  <testcase name="Validating headers of occupation graphics on saved a market analysis view" classname="Validating headers of occupation graphics on saved a market analysis view" time="44.164"/>
  <testcase name="Validating the number metro overview charts that are displayed" classname="Validating the number metro overview charts that are displayed" time="23.55"/>
  <testcase name="Validating headers of metro area overview graphics" classname="Validating headers of metro area overview graphics" time="24.967"/>
  <testcase name="Validating headers of metro area overview graphics on saved a market analysis view" classname="Validating headers of metro area overview graphics on saved a market analysis view" time="44.179"/>
  <testcase name="Overview Metro Area Region (Map) Display on a saved market analysis view(Overview Metro Area Region " classname="Map) Display on a saved market analysis view" time="45.915"/>
  <testcase name="Overview Metro Area Region (Map) Display(Overview Metro Area Region " classname="Map) Display" time="22.437"/>
  <testcase name="Saving market analysis diversity view to a dashboard" classname="Saving market analysis diversity view to a dashboard" time="45.703"/>
  <testcase name="Saving market analysis employment conditions view to dashboard" classname="Saving market analysis employment conditions view to dashboard" time="44.725"/>
  <testcase name="Saving market analysis industries view to a dashboard" classname="Saving market analysis industries view to a dashboard" time="44.609"/>
  <testcase name="Saving market analysis accupations view to a dashboard" classname="Saving market analysis accupations view to a dashboard" time="45.315"/>
  <testcase name="Saving market analysis overview to a dashboard" classname="Saving market analysis overview to a dashboard" time="45.491"/>
  <testcase name="Saving market analysis university supply view to a dashboard" classname="Saving market analysis university supply view to a dashboard" time="45.235"/>
  <testcase name="Validating the number university graphic charts that are displayed" classname="Validating the number university graphic charts that are displayed" time="24.018"/>
  <testcase name="Validating headers of university graphics" classname="Validating headers of university graphics" time="23.407"/>
  <testcase name="Validating headers of university graphics on saved a market analysis view" classname="Validating headers of university graphics on saved a market analysis view" time="45.095"/>
  <testcase name="Validating display of metro economics robotext tiles" classname="Validating display of metro economics robotext tiles" time="23.264"/>
  <testcase name="Validating the display of source  info of the tile graphics" classname="Validating the display of source  info of the tile graphics" time="23.561"/>
  <testcase name="Validating tile graphics begin and end years" classname="Validating tile graphics begin and end years" time="24.122"/>
  <testcase name="Verifying the change of metro area on the tile footer" classname="Verifying the change of metro area on the tile footer" time="19.594"/>
  <testcase name="Displaying all news when clicked on headers" classname="Displaying all news when clicked on headers" time="15.863"/>
  <testcase name="Displaying blog news when clicked on headers" classname="Displaying blog news when clicked on headers" time="17.922"/>
  <testcase name="Displaying labor market reports when clicked on headers" classname="Displaying labor market reports when clicked on headers" time="15.489"/>
  <testcase name="Select interest preferences for news and insights" classname="Select interest preferences for news and insights" time="13.13"/>
  <testcase name="Displaying privacy policy from account data section" classname="Displaying privacy policy from account data section" time="23.456"/>
  <testcase name="Display of accounts settings section" classname="Display of accounts settings section" time="18.732"/>
  <testcase name="Editing account users organization" classname="Editing account users organization" time="32.288">
    <failure type="java.lang.AssertionError">java.lang.AssertionError
</failure>
    <system-out><![CDATA[Starting test : Editing account users organization
Headless mode:  true
This is the title :LaborIQ
This step is cancelled due to UI design change
This step is cancelled due to UI design change
This step is cancelled due to UI design change
Ending test:Editing account users organization
]]></system-out>
    <system-err><![CDATA[Starting ChromeDriver 90.0.4430.24 (4c6d850f087da467d926e8eddb76550aed655991-refs/branch-heads/4430@{#429}) on port 40103
Only local connections are allowed.
Please see https://chromedriver.chromium.org/security-considerations for suggestions on keeping ChromeDriver safe.
ChromeDriver was started successfully.
Apr 26, 2021 2:31:09 PM org.openqa.selenium.remote.ProtocolHandshake createSession
INFO: Detected dialect: W3C
]]></system-err>
  </testcase>
  <testcase name="Editing account users profile" classname="Editing account users profile" time="29.811"/>
  <testcase name="Activating Email Notification Button" classname="Activating Email Notification Button" time="18.803"/>
  <testcase name="Adding A New Payment Method" classname="AddingANewPaymentMethod" time="71.724"/>
  <testcase name="Assigning and deleting users" classname="Assigning and deleting users" time="18.394"/>
  <testcase name="Editing billing contact info" classname="Editing billing contact info" time="28.261"/>
  <testcase name="Changing my default metro area" classname="Changing my default metro area" time="32.708"/>
  <testcase name="Changing organization default metro area" classname="Changing organization default metro area" time="28.68"/>
  <testcase name="Confirming organizational default metro area change" classname="Confirming organizational default metro area change" time="31.877"/>
  <testcase name="Verifying Contact us pop up window content" classname="Verifying Contact us pop up window content" time="23.053"/>
  <testcase name="Scheduling a meeting on contact us pop up window" classname="Scheduling a meeting on contact us pop up window" time="66.544">
    <error message="Expected condition failed: waiting for visibility of Proxy element for: DefaultElementLocator &apos;By.xpath: //span[contains(text(),&apos;What day is best for you?&apos;)]&apos; (tried for 20 second(s) with 500 milliseconds interval)" type="org.openqa.selenium.TimeoutException">org.openqa.selenium.TimeoutException: Expected condition failed: waiting for visibility of Proxy element for: DefaultElementLocator 'By.xpath: //span[contains(text(),'What day is best for you?')]' (tried for 20 second(s) with 500 milliseconds interval)
Caused by: org.openqa.selenium.NoSuchElementException: 
no such element: Unable to locate element: {"method":"xpath","selector":"//span[contains(text(),'What day is best for you?')]"}
  (Session info: headless chrome=90.0.4430.85)
For documentation on this error, please visit: http://seleniumhq.org/exceptions/no_such_element.html
Build info: version: '3.141.5', revision: 'd54ebd709a', time: '2018-11-06T11:42:16'
System info: host: 'LT-0008', ip: '10.10.1.112', os.name: 'Windows 10', os.arch: 'amd64', os.version: '10.0', java.version: '1.8.0_221'
Driver info: org.openqa.selenium.chrome.ChromeDriver
Capabilities {acceptInsecureCerts: false, browserName: chrome, browserVersion: 90.0.4430.85, chrome: {chromedriverVersion: 90.0.4430.24 (4c6d850f087da..., userDataDir: C:\Users\MustafaOzkan\AppDa...}, goog:chromeOptions: {debuggerAddress: localhost:62735}, javascriptEnabled: true, networkConnectionEnabled: false, pageLoadStrategy: normal, platform: WINDOWS, platformName: WINDOWS, proxy: Proxy(), setWindowRect: true, strictFileInteractability: false, timeouts: {implicit: 0, pageLoad: 300000, script: 30000}, unhandledPromptBehavior: dismiss and notify, webauthn:extension:largeBlob: true, webauthn:virtualAuthenticators: true}
Session ID: e6962f603fe4a1db2dc77137bbc8dad0
*** Element info: {Using=xpath, value=//span[contains(text(),'What day is best for you?')]}
</error>
    <system-out><![CDATA[Starting test : Scheduling a meeting on contact us pop up window
Headless mode:  true
This is the title :LaborIQ
This is the window number :2
This is the window number :2
PageSwitchVerify
Ending test:Scheduling a meeting on contact us pop up window
]]></system-out>
    <system-err><![CDATA[Starting ChromeDriver 90.0.4430.24 (4c6d850f087da467d926e8eddb76550aed655991-refs/branch-heads/4430@{#429}) on port 34594
Only local connections are allowed.
Please see https://chromedriver.chromium.org/security-considerations for suggestions on keeping ChromeDriver safe.
ChromeDriver was started successfully.
Apr 26, 2021 2:36:25 PM org.openqa.selenium.remote.ProtocolHandshake createSession
INFO: Detected dialect: W3C
]]></system-err>
  </testcase>
  <testcase name="Display of change password window" classname="Display of change password window" time="23.714"/>
  <testcase name="Display of the current plan information" classname="Display of the current plan information" time="26.768"/>
  <testcase name="Display of notification settings options" classname="Display of notification settings options" time="18.12"/>
  <testcase name="Display of sms verification settings window" classname="Display of sms verification settings window" time="21.691"/>
  <testcase name="Display of the transaction history" classname="Display of the transaction history" time="28.348"/>
  <testcase name="Downloading invoice" classname="Downloading invoice" time="28.527"/>
  <testcase name="Editing account user info" classname="Editing account user info" time="46.081"/>
  <testcase name="Editing current payment info on the account settings section" classname="Editing current payment info on the account settings section" time="36.936"/>
  <testcase name="Editing primary contact info" classname="Editing primary contact info" time="25.022"/>
  <testcase name="Revieving account data GDPR consent" classname="Revieving account data GDPR consent" time="27.184"/>
  <testcase name="User sign out" classname="User sign out" time="12.678"/>
  <testcase name="Creating an organizational account" classname="Creating an organizational account" time="44.667"/>
  <testcase name="Display of privacy policy" classname="Display of privacy policy" time="14.947"/>
  <testcase name="Display of terms of service" classname="Display of terms of service" time="16.794"/>
  <testcase name="Forgot password" classname="Forgot password" time="6.639"/>
  <testcase name="Invalid login" classname="Invalid Login" time="3.462"/>
  <testcase name="Valid login" classname="Valid login" time="7.985"/>
  <testcase name="Creating a benchmarking team by CSV upload function" classname="Creating a benchmarking team by CSV upload function" time="22.963">
    <error type="java.awt.HeadlessException">java.awt.HeadlessException
</error>
    <system-out><![CDATA[Starting test : Creating a benchmarking team by CSV upload function
Headless mode:  true
This is the title :LaborIQ
Ending test:Creating a benchmarking team by CSV upload function
]]></system-out>
    <system-err><![CDATA[Starting ChromeDriver 90.0.4430.24 (4c6d850f087da467d926e8eddb76550aed655991-refs/branch-heads/4430@{#429}) on port 45887
Only local connections are allowed.
Please see https://chromedriver.chromium.org/security-considerations for suggestions on keeping ChromeDriver safe.
ChromeDriver was started successfully.
Apr 26, 2021 2:44:01 PM org.openqa.selenium.remote.ProtocolHandshake createSession
INFO: Detected dialect: W3C
]]></system-err>
  </testcase>
  <testcase name="Company logo upload function" classname="Company logo upload function" time="31.097">
    <error type="java.awt.HeadlessException">java.awt.HeadlessException
</error>
    <system-out><![CDATA[Starting test : Company logo upload function
Headless mode:  true
This is the title :LaborIQ
Passed to next step
This step is cancelled due to UI design change
Ending test:Company logo upload function
]]></system-out>
    <system-err><![CDATA[Starting ChromeDriver 90.0.4430.24 (4c6d850f087da467d926e8eddb76550aed655991-refs/branch-heads/4430@{#429}) on port 38781
Only local connections are allowed.
Please see https://chromedriver.chromium.org/security-considerations for suggestions on keeping ChromeDriver safe.
ChromeDriver was started successfully.
Apr 26, 2021 2:44:24 PM org.openqa.selenium.remote.ProtocolHandshake createSession
INFO: Detected dialect: W3C
]]></system-err>
  </testcase>
  <testcase name="Account user photo upload" classname="Account user photo upload" time="23.938">
    <error type="java.awt.HeadlessException">java.awt.HeadlessException
</error>
    <system-out><![CDATA[Starting test : Account user photo upload
Headless mode:  true
This is the title :LaborIQ
Passed to next step
Ending test:Account user photo upload
]]></system-out>
    <system-err><![CDATA[Starting ChromeDriver 90.0.4430.24 (4c6d850f087da467d926e8eddb76550aed655991-refs/branch-heads/4430@{#429}) on port 33813
Only local connections are allowed.
Please see https://chromedriver.chromium.org/security-considerations for suggestions on keeping ChromeDriver safe.
ChromeDriver was started successfully.
Apr 26, 2021 2:44:55 PM org.openqa.selenium.remote.ProtocolHandshake createSession
INFO: Detected dialect: W3C
]]></system-err>
  </testcase>
</testsuite>